<?xml version="1.0" encoding="UTF-8" standalone="no"?>
<!DOCTYPE log SYSTEM "logger.dtd">
<log>
<record>
  <date>2019-11-20T09:46:26.985-0300</date>
  <logger>RODRIGO ELOY CAVALCANTI</logger>
  <level>FINE</level>
  <message>File 118210111-RODRIGO ELOY CAVALCANTI.zip was received. It was sent by RODRIGO ELOY CAVALCANTI from IP 192.168.1.7 at 20-11-2019 09*46*26</message>
</record>
</log>
<?xml version="1.0" encoding="UTF-8" standalone="no"?>
<!DOCTYPE log SYSTEM "logger.dtd">
<log>
<record>
  <date>2019-11-20T09:46:26.993-0300</date>
  <logger>RODRIGO ELOY CAVALCANTI</logger>
  <level>FINE</level>
  <message>File 118210111-RODRIGO ELOY CAVALCANTI.zip was received. It was sent by RODRIGO ELOY CAVALCANTI from IP 192.168.1.7 at 20-11-2019 09*46*26</message>
</record>
</log>
<?xml version="1.0" encoding="UTF-8" standalone="no"?>
<!DOCTYPE log SYSTEM "logger.dtd">
<log>
<record>
  <date>2019-11-20T09:50:54.517-0300</date>
  <logger>RODRIGO ELOY CAVALCANTI</logger>
  <level>FINE</level>
  <message>File 118210111-RODRIGO ELOY CAVALCANTI.zip was received. It was sent by RODRIGO ELOY CAVALCANTI from IP 192.168.1.7 at 20-11-2019 09*50*54</message>
</record>
