<?xml version="1.0" encoding="UTF-8" standalone="no"?>
<!DOCTYPE log SYSTEM "logger.dtd">
<log>
<record>
  <date>2019-10-17T14:32:11.617-0300</date>
  <logger>RODRIGO ELOY CAVALCANTI</logger>
  <level>FINE</level>
  <message>File 118210111-RODRIGO ELOY CAVALCANTI.zip was received. It was sent by RODRIGO ELOY CAVALCANTI from IP 150.165.42.184 at 17-10-2019 14*32*11</message>
</record>
</log>
<?xml version="1.0" encoding="UTF-8" standalone="no"?>
<!DOCTYPE log SYSTEM "logger.dtd">
<log>
<record>
  <date>2019-10-17T14:47:52.971-0300</date>
  <logger>RODRIGO ELOY CAVALCANTI</logger>
  <level>FINE</level>
  <message>File 118210111-RODRIGO ELOY CAVALCANTI.zip was received. It was sent by RODRIGO ELOY CAVALCANTI from IP 150.165.42.184 at 17-10-2019 14*47*52</message>
</record>
</log>
<?xml version="1.0" encoding="UTF-8" standalone="no"?>
<!DOCTYPE log SYSTEM "logger.dtd">
<log>
<record>
  <date>2019-10-17T14:49:44.350-0300</date>
  <logger>RODRIGO ELOY CAVALCANTI</logger>
  <level>FINE</level>
  <message>File 118210111-RODRIGO ELOY CAVALCANTI.zip was received. It was sent by RODRIGO ELOY CAVALCANTI from IP 150.165.42.184 at 17-10-2019 14*49*44</message>
</record>
</log>
<?xml version="1.0" encoding="UTF-8" standalone="no"?>
<!DOCTYPE log SYSTEM "logger.dtd">
<log>
<record>
  <date>2019-10-17T14:52:59.576-0300</date>
  <logger>RODRIGO ELOY CAVALCANTI</logger>
  <level>FINE</level>
  <message>File 118210111-RODRIGO ELOY CAVALCANTI.zip was received. It was sent by RODRIGO ELOY CAVALCANTI from IP 150.165.42.184 at 17-10-2019 14*52*59</message>
</record>
