<?xml version="1.0" encoding="UTF-8" standalone="no"?>
<!DOCTYPE log SYSTEM "logger.dtd">
<log>
<record>
  <date>2019-09-05T22:50:34.019-0300</date>
  <logger>RODRIGO ELOY CAVALCANTI</logger>
  <level>FINE</level>
  <message>File 118210111-RODRIGO ELOY CAVALCANTI.zip was received. It was sent by RODRIGO ELOY CAVALCANTI from IP 192.168.1.5 at 05-09-2019 22*50*33</message>
</record>
</log>
<?xml version="1.0" encoding="UTF-8" standalone="no"?>
<!DOCTYPE log SYSTEM "logger.dtd">
<log>
<record>
  <date>2019-09-05T22:55:48.168-0300</date>
  <logger>RODRIGO ELOY CAVALCANTI</logger>
  <level>FINE</level>
  <message>File 118210111-RODRIGO ELOY CAVALCANTI.zip was received. It was sent by RODRIGO ELOY CAVALCANTI from IP 192.168.1.5 at 05-09-2019 22*55*48</message>
</record>
</log>
<?xml version="1.0" encoding="UTF-8" standalone="no"?>
<!DOCTYPE log SYSTEM "logger.dtd">
<log>
<record>
  <date>2019-09-07T12:43:59.966-0300</date>
  <logger>RODRIGO ELOY CAVALCANTI</logger>
  <level>FINE</level>
  <message>File 118210111-RODRIGO ELOY CAVALCANTI.zip was received. It was sent by RODRIGO ELOY CAVALCANTI from IP 192.168.1.5 at 07-09-2019 12*43*59</message>
</record>
</log>
<?xml version="1.0" encoding="UTF-8" standalone="no"?>
<!DOCTYPE log SYSTEM "logger.dtd">
<log>
<record>
  <date>2019-09-07T12:45:25.627-0300</date>
  <logger>RODRIGO ELOY CAVALCANTI</logger>
  <level>FINE</level>
  <message>File 118210111-RODRIGO ELOY CAVALCANTI.zip was received. It was sent by RODRIGO ELOY CAVALCANTI from IP 192.168.1.5 at 07-09-2019 12*45*25</message>
</record>
